15:59:23 **** Clean-only build of configuration Debug for project BASIC_MOBILE_USING_GSM ****
make -j4 clean 
rm -rf *
 
15:59:24 **** Incremental Build of configuration Debug for project BASIC_MOBILE_USING_GSM ****
make -j4 all 
Building file: ../startup/startup_stm32.s
Building file: ../src/main.c
Building file: ../src/syscalls.c
Building file: ../src/system_stm32f4xx.c
Invoking: MCU GCC Assembler
Invoking: MCU GCC Compiler
Invoking: MCU GCC Compiler
Invoking: MCU GCC Compiler
D:\PENDRIVE\EMBEDDED_SYSTEM\STM32_PROJECTS\GSM_PROJECT\BASIC_MOBILE_USING_GSM\Debug
D:\PENDRIVE\EMBEDDED_SYSTEM\STM32_PROJECTS\GSM_PROJECT\BASIC_MOBILE_USING_GSM\Debug
D:\PENDRIVE\EMBEDDED_SYSTEM\STM32_PROJECTS\GSM_PROJECT\BASIC_MOBILE_USING_GSM\Debug
arm-none-eabi-as -mcpu=cortex-m4 -mthumb -mfloat-abi=hard -mfpu=fpv4-sp-d16 -g -o "startup/startup_stm32.o" "../startup/startup_stm32.s"
arm-none-eabi-gcc -mcpu=cortex-m4 -mthumb -mfloat-abi=hard -mfpu=fpv4-sp-d16 -DSTM32 -DUSE_STDPERIPH_DRIVER -DSTM32F446xx -DSTM32F4 -DSTM32F446RETx -DNUCLEO_F446RE -DDEBUG -I"D:/PENDRIVE/EMBEDDED_SYSTEM/STM32_PROJECTS/GSM_PROJECT/BASIC_MOBILE_USING_GSM/CMSIS/core" -I"D:/PENDRIVE/EMBEDDED_SYSTEM/STM32_PROJECTS/GSM_PROJECT/BASIC_MOBILE_USING_GSM/StdPeriph_Driver/inc" -I"D:/PENDRIVE/EMBEDDED_SYSTEM/STM32_PROJECTS/GSM_PROJECT/BASIC_MOBILE_USING_GSM/CMSIS/device" -I"D:/PENDRIVE/EMBEDDED_SYSTEM/STM32_PROJECTS/GSM_PROJECT/BASIC_MOBILE_USING_GSM/inc" -O0 -g3 -Wall -fmessage-length=0 -ffunction-sections -c -MMD -MP -MF"src/main.d" -MT"src/main.o" -o "src/main.o" "../src/main.c"
D:\PENDRIVE\EMBEDDED_SYSTEM\STM32_PROJECTS\GSM_PROJECT\BASIC_MOBILE_USING_GSM\Debug
arm-none-eabi-gcc -mcpu=cortex-m4 -mthumb -mfloat-abi=hard -mfpu=fpv4-sp-d16 -DSTM32 -DUSE_STDPERIPH_DRIVER -DSTM32F446xx -DSTM32F4 -DSTM32F446RETx -DNUCLEO_F446RE -DDEBUG -I"D:/PENDRIVE/EMBEDDED_SYSTEM/STM32_PROJECTS/GSM_PROJECT/BASIC_MOBILE_USING_GSM/CMSIS/core" -I"D:/PENDRIVE/EMBEDDED_SYSTEM/STM32_PROJECTS/GSM_PROJECT/BASIC_MOBILE_USING_GSM/StdPeriph_Driver/inc" -I"D:/PENDRIVE/EMBEDDED_SYSTEM/STM32_PROJECTS/GSM_PROJECT/BASIC_MOBILE_USING_GSM/CMSIS/device" -I"D:/PENDRIVE/EMBEDDED_SYSTEM/STM32_PROJECTS/GSM_PROJECT/BASIC_MOBILE_USING_GSM/inc" -O0 -g3 -Wall -fmessage-length=0 -ffunction-sections -c -MMD -MP -MF"src/syscalls.d" -MT"src/syscalls.o" -o "src/syscalls.o" "../src/syscalls.c"
arm-none-eabi-gcc -mcpu=cortex-m4 -mthumb -mfloat-abi=hard -mfpu=fpv4-sp-d16 -DSTM32 -DUSE_STDPERIPH_DRIVER -DSTM32F446xx -DSTM32F4 -DSTM32F446RETx -DNUCLEO_F446RE -DDEBUG -I"D:/PENDRIVE/EMBEDDED_SYSTEM/STM32_PROJECTS/GSM_PROJECT/BASIC_MOBILE_USING_GSM/CMSIS/core" -I"D:/PENDRIVE/EMBEDDED_SYSTEM/STM32_PROJECTS/GSM_PROJECT/BASIC_MOBILE_USING_GSM/StdPeriph_Driver/inc" -I"D:/PENDRIVE/EMBEDDED_SYSTEM/STM32_PROJECTS/GSM_PROJECT/BASIC_MOBILE_USING_GSM/CMSIS/device" -I"D:/PENDRIVE/EMBEDDED_SYSTEM/STM32_PROJECTS/GSM_PROJECT/BASIC_MOBILE_USING_GSM/inc" -O0 -g3 -Wall -fmessage-length=0 -ffunction-sections -c -MMD -MP -MF"src/system_stm32f4xx.d" -MT"src/system_stm32f4xx.o" -o "src/system_stm32f4xx.o" "../src/system_stm32f4xx.c"
Finished building: ../startup/startup_stm32.s
 
../src/main.c:13:10: fatal error: STM32F446_I2C_LCD_Driver.h: No such file or directory
 #include "STM32F446_I2C_LCD_Driver.h"
          ^~~~~~~~~~~~~~~~~~~~~~~~~~~~
compilation terminated.
../src/system_stm32f4xx.c: In function 'SetSysClock':
../src/system_stm32f4xx.c:760:5: warning: this 'while' clause does not guard... [-Wmisleading-indentation]
     while ((RCC->CFGR & (uint32_t)RCC_CFGR_SWS ) != RCC_CFGR_SWS_PLL);
     ^~~~~
../src/system_stm32f4xx.c:761:5: note: ...this statement, but the latter is misleadingly indented as if it were guarded by the 'while'
     {
     ^
Building file: ../StdPeriph_Driver/src/misc.c
src/subdir.mk:24: recipe for target 'src/main.o' failed
make: *** [src/main.o] Error 1
make: *** Waiting for unfinished jobs....
Invoking: MCU GCC Compiler
D:\PENDRIVE\EMBEDDED_SYSTEM\STM32_PROJECTS\GSM_PROJECT\BASIC_MOBILE_USING_GSM\Debug
Finished building: ../src/syscalls.c
arm-none-eabi-gcc -mcpu=cortex-m4 -mthumb -mfloat-abi=hard -mfpu=fpv4-sp-d16 -DSTM32 -DUSE_STDPERIPH_DRIVER -DSTM32F446xx -DSTM32F4 -DSTM32F446RETx -DNUCLEO_F446RE -DDEBUG -I"D:/PENDRIVE/EMBEDDED_SYSTEM/STM32_PROJECTS/GSM_PROJECT/BASIC_MOBILE_USING_GSM/CMSIS/core" -I"D:/PENDRIVE/EMBEDDED_SYSTEM/STM32_PROJECTS/GSM_PROJECT/BASIC_MOBILE_USING_GSM/StdPeriph_Driver/inc" -I"D:/PENDRIVE/EMBEDDED_SYSTEM/STM32_PROJECTS/GSM_PROJECT/BASIC_MOBILE_USING_GSM/CMSIS/device" -I"D:/PENDRIVE/EMBEDDED_SYSTEM/STM32_PROJECTS/GSM_PROJECT/BASIC_MOBILE_USING_GSM/inc" -O0 -g3 -Wall -fmessage-length=0 -ffunction-sections -c -MMD -MP -MF"StdPeriph_Driver/src/misc.d" -MT"StdPeriph_Driver/src/misc.o" -o "StdPeriph_Driver/src/misc.o" "../StdPeriph_Driver/src/misc.c"
 
Finished building: ../src/system_stm32f4xx.c
 
Finished building: ../StdPeriph_Driver/src/misc.c
 
